<?xml version="1.0" encoding="UTF-8"?>
<testng-results ignored="0" total="1" passed="1" failed="0" skipped="0">
  <reporter-output>
  </reporter-output>
  <suite started-at="2024-07-06T20:55:37 EDT" name="Suite" finished-at="2024-07-06T20:55:49 EDT" duration-ms="11674">
    <groups>
    </groups>
    <test started-at="2024-07-06T20:55:37 EDT" name="Test" finished-at="2024-07-06T20:55:49 EDT" duration-ms="11674">
      <class name="testCases.TestCase001">
        <test-method is-config="true" signature="setUp(java.lang.String)[pri:0, instance:testCases.TestCase001@24569dba]" started-at="2024-07-06T20:55:37 EDT" name="setUp" finished-at="2024-07-06T20:55:43 EDT" duration-ms="5615" status="PASS">
          <params>
            <param index="0">
              <value>
                <![CDATA[chrome]]>
              </value>
            </param>
          </params>
          <reporter-output>
          </reporter-output>
        </test-method> <!-- setUp -->
        <test-method signature="login_with_Invalid()[pri:0, instance:testCases.TestCase001@24569dba]" started-at="2024-07-06T20:55:43 EDT" name="login_with_Invalid" finished-at="2024-07-06T20:55:48 EDT" duration-ms="5696" status="PASS">
          <reporter-output>
          </reporter-output>
        </test-method> <!-- login_with_Invalid -->
        <test-method is-config="true" signature="tearDown()[pri:0, instance:testCases.TestCase001@24569dba]" started-at="2024-07-06T20:55:48 EDT" name="tearDown" finished-at="2024-07-06T20:55:49 EDT" duration-ms="313" status="PASS">
          <reporter-output>
          </reporter-output>
        </test-method> <!-- tearDown -->
      </class> <!-- testCases.TestCase001 -->
    </test> <!-- Test -->
  </suite> <!-- Suite -->
</testng-results>
